Thu Sep 20 16:43:27 BST 2012  [debug] AvalonLogSystem initialized using logfile 'velocity.log'
Thu Sep 20 16:43:27 BST 2012   [info] ************************************************************** 
Thu Sep 20 16:43:27 BST 2012   [info] Starting Jakarta Velocity v1.4
Thu Sep 20 16:43:27 BST 2012   [info] RuntimeInstance initializing.
Thu Sep 20 16:43:27 BST 2012   [info] Default Properties File: org/apache/velocity/runtime/defaults/velocity.properties
Thu Sep 20 16:43:27 BST 2012   [info] Trying to use logger class org.apache.velocity.runtime.log.AvalonLogSystem
Thu Sep 20 16:43:27 BST 2012   [info] Using logger class org.apache.velocity.runtime.log.AvalonLogSystem
Thu Sep 20 16:43:27 BST 2012   [info] Default ResourceManager initializing. (class org.apache.velocity.runtime.resource.ResourceManagerImpl)
Thu Sep 20 16:43:27 BST 2012   [info] Resource Loader Instantiated: org.apache.velocity.runtime.resource.loader.ClasspathResourceLoader
Thu Sep 20 16:43:27 BST 2012   [info] ClasspathResourceLoader : initialization starting.
Thu Sep 20 16:43:27 BST 2012   [info] ClasspathResourceLoader : initialization complete.
Thu Sep 20 16:43:27 BST 2012   [info] ResourceCache : initialized. (class org.apache.velocity.runtime.resource.ResourceCacheImpl)
Thu Sep 20 16:43:27 BST 2012   [info] Default ResourceManager initialization complete.
Thu Sep 20 16:43:27 BST 2012   [info] Loaded System Directive: org.apache.velocity.runtime.directive.Literal
Thu Sep 20 16:43:27 BST 2012   [info] Loaded System Directive: org.apache.velocity.runtime.directive.Macro
Thu Sep 20 16:43:27 BST 2012   [info] Loaded System Directive: org.apache.velocity.runtime.directive.Parse
Thu Sep 20 16:43:27 BST 2012   [info] Loaded System Directive: org.apache.velocity.runtime.directive.Include
Thu Sep 20 16:43:27 BST 2012   [info] Loaded System Directive: org.apache.velocity.runtime.directive.Foreach
Thu Sep 20 16:43:27 BST 2012   [info] Created: 20 parsers.
Thu Sep 20 16:43:27 BST 2012   [info] Velocimacro : initialization starting.
Thu Sep 20 16:43:27 BST 2012   [info] Velocimacro : adding VMs from VM library template : VM_global_library.vm
Thu Sep 20 16:43:27 BST 2012  [error] ResourceManager : unable to find resource 'VM_global_library.vm' in any resource loader.
Thu Sep 20 16:43:27 BST 2012   [info] Velocimacro : error using  VM library template VM_global_library.vm : org.apache.velocity.exception.ResourceNotFoundException: Unable to find resource 'VM_global_library.vm'
Thu Sep 20 16:43:27 BST 2012   [info] Velocimacro :  VM library template macro registration complete.
Thu Sep 20 16:43:27 BST 2012   [info] Velocimacro : allowInline = true : VMs can be defined inline in templates
Thu Sep 20 16:43:27 BST 2012   [info] Velocimacro : allowInlineToOverride = false : VMs defined inline may NOT replace previous VM definitions
Thu Sep 20 16:43:27 BST 2012   [info] Velocimacro : allowInlineLocal = false : VMs defined inline will be  global in scope if allowed.
Thu Sep 20 16:43:27 BST 2012   [info] Velocimacro : messages on  : VM system will output logging messages
Thu Sep 20 16:43:27 BST 2012   [info] Velocimacro : autoload off  : VM system will not automatically reload global library macros
Thu Sep 20 16:43:27 BST 2012   [info] Velocimacro : initialization complete.
Thu Sep 20 16:43:27 BST 2012   [info] Velocity successfully started.
Thu Sep 20 16:43:27 BST 2012  [error] ResourceManager : unable to find resource 'templates/featureOverview.vm' in any resource loader.
